Using pre-set license
Built from '2020.3/staging' branch; Version is '2020.3.18f1 (a7d1c678663c) revision 10998214'; Using compiler version '192528614'; Build Type 'Release'
OS: 'Windows 10 Home; OS build 22000.856; Version 2009; 64bit' Language: 'en' Physical Memory: 8078 MB
BatchMode: 1, IsHumanControllingUs: 0, StartBugReporterOnCrash: 0, Is64bit: 1, IsPro: 0

COMMAND LINE ARGUMENTS:
C:\Program Files\Unity\Hub\Editor\2020.3.18f1\Editor\Unity.exe
-adb2
-batchMode
-noUpm
-name
AssetImportWorker7
-projectPath
C:/Users/Mourad/Documents/GitHub/Pixel-Art/Pixel Art - Color by Number v1.4
-logFile
Logs/AssetImportWorker7.log
-srvPort
52117
Successfully changed project path to: C:/Users/Mourad/Documents/GitHub/Pixel-Art/Pixel Art - Color by Number v1.4
C:/Users/Mourad/Documents/GitHub/Pixel-Art/Pixel Art - Color by Number v1.4
Using Asset Import Pipeline V2.
